mode: set
github.com/wednesday-solutions/negt/gqlgenUtils/fileUtils/fileUtils.go:9.43,12.2 2 1
github.com/wednesday-solutions/negt/gqlgenUtils/fileUtils/fileUtils.go:14.55,16.16 2 1
github.com/wednesday-solutions/negt/gqlgenUtils/fileUtils/fileUtils.go:19.2,19.12 1 1
github.com/wednesday-solutions/negt/gqlgenUtils/fileUtils/fileUtils.go:16.16,18.3 1 1
github.com/wednesday-solutions/negt/gqlgenUtils/fileUtils/fileUtils.go:22.51,24.16 2 1
github.com/wednesday-solutions/negt/gqlgenUtils/fileUtils/fileUtils.go:27.2,27.12 1 1
github.com/wednesday-solutions/negt/gqlgenUtils/fileUtils/fileUtils.go:24.16,26.3 1 1
github.com/wednesday-solutions/negt/gqlgenUtils/fileUtils/fileUtils.go:30.37,35.2 3 1
github.com/wednesday-solutions/negt/gqlgenUtils/fileUtils/fileUtils.go:37.42,40.2 2 1
github.com/wednesday-solutions/negt/gqlgenUtils/fileUtils/fileUtils.go:42.49,46.16 2 1
github.com/wednesday-solutions/negt/gqlgenUtils/fileUtils/fileUtils.go:50.2,53.16 3 1
github.com/wednesday-solutions/negt/gqlgenUtils/fileUtils/fileUtils.go:57.2,58.16 2 1
github.com/wednesday-solutions/negt/gqlgenUtils/fileUtils/fileUtils.go:62.2,64.12 2 1
github.com/wednesday-solutions/negt/gqlgenUtils/fileUtils/fileUtils.go:46.16,49.3 2 1
github.com/wednesday-solutions/negt/gqlgenUtils/fileUtils/fileUtils.go:53.16,56.3 2 1
github.com/wednesday-solutions/negt/gqlgenUtils/fileUtils/fileUtils.go:58.16,61.3 2 1
github.com/wednesday-solutions/negt/gqlgenUtils/fileUtils/fileUtils.go:67.32,69.16 2 1
github.com/wednesday-solutions/negt/gqlgenUtils/fileUtils/fileUtils.go:72.2,72.13 1 1
github.com/wednesday-solutions/negt/gqlgenUtils/fileUtils/fileUtils.go:69.16,71.3 1 1
github.com/wednesday-solutions/negt/gqlgenUtils/fileUtils/initUtils.go:14.23,23.2 3 1
github.com/wednesday-solutions/negt/gqlgenUtils/fileUtils/initUtils.go:26.51,36.16 6 1
github.com/wednesday-solutions/negt/gqlgenUtils/fileUtils/initUtils.go:42.2,42.21 1 1
github.com/wednesday-solutions/negt/gqlgenUtils/fileUtils/initUtils.go:36.16,38.17 2 1
github.com/wednesday-solutions/negt/gqlgenUtils/fileUtils/initUtils.go:38.17,40.4 1 1
github.com/wednesday-solutions/negt/gqlgenUtils/fileUtils/initUtils.go:42.21,44.3 1 1
github.com/wednesday-solutions/negt/gqlgenUtils/fileUtils/initUtils.go:44.8,46.3 1 1
github.com/wednesday-solutions/negt/negt.go:10.13,12.16 2 1
github.com/wednesday-solutions/negt/negt.go:12.16,15.3 2 1
github.com/wednesday-solutions/negt/hbs/testQuerySource.go:9.86,48.16 3 1
github.com/wednesday-solutions/negt/hbs/testQuerySource.go:51.2,53.12 2 1
github.com/wednesday-solutions/negt/hbs/testQuerySource.go:48.16,50.3 1 1
github.com/wednesday-solutions/negt/hbs/customDeleteMutation.go:5.97,12.16 3 1
github.com/wednesday-solutions/negt/hbs/customDeleteMutation.go:15.2,17.12 2 1
github.com/wednesday-solutions/negt/hbs/customDeleteMutation.go:12.16,14.3 1 1
github.com/wednesday-solutions/negt/hbs/testCustomUpdateMutation.go:9.101,46.16 3 1
github.com/wednesday-solutions/negt/hbs/testCustomUpdateMutation.go:49.2,51.12 2 1
github.com/wednesday-solutions/negt/hbs/testCustomUpdateMutation.go:46.16,48.3 1 1
github.com/wednesday-solutions/negt/hbs/testModelSource.go:9.86,50.16 3 1
github.com/wednesday-solutions/negt/hbs/testModelSource.go:53.2,55.12 2 1
github.com/wednesday-solutions/negt/hbs/testModelSource.go:50.16,52.3 1 1
github.com/wednesday-solutions/negt/hbs/testCustomDeleteMutation.go:9.101,48.16 3 1
github.com/wednesday-solutions/negt/hbs/testCustomDeleteMutation.go:51.2,53.12 2 1
github.com/wednesday-solutions/negt/hbs/testCustomDeleteMutation.go:48.16,50.3 1 1
github.com/wednesday-solutions/negt/hbs/testPaginationSource.go:9.91,61.16 3 1
github.com/wednesday-solutions/negt/hbs/testPaginationSource.go:64.2,66.12 2 1
github.com/wednesday-solutions/negt/hbs/testPaginationSource.go:61.16,63.3 1 1
github.com/wednesday-solutions/negt/hbs/customUpdateMutation.go:5.97,12.16 3 1
github.com/wednesday-solutions/negt/hbs/customUpdateMutation.go:15.2,17.12 2 1
github.com/wednesday-solutions/negt/hbs/customUpdateMutation.go:12.16,14.3 1 1
github.com/wednesday-solutions/negt/hbs/mutationSource.go:5.85,21.16 3 1
github.com/wednesday-solutions/negt/hbs/mutationSource.go:24.2,26.12 2 1
github.com/wednesday-solutions/negt/hbs/mutationSource.go:21.16,23.3 1 1
github.com/wednesday-solutions/negt/hbs/querySource.go:5.82,24.16 3 1
github.com/wednesday-solutions/negt/hbs/querySource.go:27.2,29.12 2 1
github.com/wednesday-solutions/negt/hbs/querySource.go:24.16,26.3 1 1
github.com/wednesday-solutions/negt/hbs/modelSource.go:5.82,28.16 3 1
github.com/wednesday-solutions/negt/hbs/modelSource.go:31.2,33.12 2 1
github.com/wednesday-solutions/negt/hbs/modelSource.go:28.16,30.3 1 1
github.com/wednesday-solutions/negt/hbs/testCustomCreateMutation.go:9.101,43.16 3 1
github.com/wednesday-solutions/negt/hbs/testCustomCreateMutation.go:46.2,48.12 2 1
github.com/wednesday-solutions/negt/hbs/testCustomCreateMutation.go:43.16,45.3 1 1
github.com/wednesday-solutions/negt/hbs/testListSource.go:9.85,51.16 3 1
github.com/wednesday-solutions/negt/hbs/testListSource.go:54.2,56.12 2 1
github.com/wednesday-solutions/negt/hbs/testListSource.go:51.16,53.3 1 1
github.com/wednesday-solutions/negt/hbs/testMutationSource.go:9.89,88.16 3 1
github.com/wednesday-solutions/negt/hbs/testMutationSource.go:92.2,94.12 2 1
github.com/wednesday-solutions/negt/hbs/testMutationSource.go:88.16,90.3 1 1
github.com/wednesday-solutions/negt/hbs/customCreateMutation.go:5.97,12.16 3 1
github.com/wednesday-solutions/negt/hbs/customCreateMutation.go:15.2,17.12 2 1
github.com/wednesday-solutions/negt/hbs/customCreateMutation.go:12.16,14.3 1 1
github.com/wednesday-solutions/negt/hbs/hbs.go:9.13,20.2 10 1
github.com/wednesday-solutions/negt/hbs/hbs.go:23.78,25.30 1 1
github.com/wednesday-solutions/negt/hbs/hbs.go:36.2,36.23 1 1
github.com/wednesday-solutions/negt/hbs/hbs.go:25.30,26.34 1 1
github.com/wednesday-solutions/negt/hbs/hbs.go:26.34,27.23 1 1
github.com/wednesday-solutions/negt/hbs/hbs.go:27.23,30.5 1 1
github.com/wednesday-solutions/negt/hbs/hbs.go:30.10,33.5 1 1
github.com/wednesday-solutions/negt/hbs/hbs.go:40.67,41.26 1 1
github.com/wednesday-solutions/negt/hbs/hbs.go:47.2,47.19 1 1
github.com/wednesday-solutions/negt/hbs/hbs.go:41.26,42.32 1 1
github.com/wednesday-solutions/negt/hbs/hbs.go:42.32,45.4 1 1
github.com/wednesday-solutions/negt/hbs/hbs.go:51.86,53.28 1 1
github.com/wednesday-solutions/negt/hbs/hbs.go:64.2,64.21 1 1
github.com/wednesday-solutions/negt/hbs/hbs.go:53.28,54.34 1 1
github.com/wednesday-solutions/negt/hbs/hbs.go:54.34,55.42 1 1
github.com/wednesday-solutions/negt/hbs/hbs.go:55.42,58.5 1 1
github.com/wednesday-solutions/negt/hbs/hbs.go:58.10,61.5 1 1
github.com/wednesday-solutions/negt/hbs/hbs.go:68.89,70.37 1 1
github.com/wednesday-solutions/negt/hbs/hbs.go:91.2,91.30 1 1
github.com/wednesday-solutions/negt/hbs/hbs.go:70.37,71.34 1 1
github.com/wednesday-solutions/negt/hbs/hbs.go:71.34,72.16 1 1
github.com/wednesday-solutions/negt/hbs/hbs.go:72.16,73.43 1 1
github.com/wednesday-solutions/negt/hbs/hbs.go:73.43,76.6 1 1
github.com/wednesday-solutions/negt/hbs/hbs.go:76.11,79.6 1 0
github.com/wednesday-solutions/negt/hbs/hbs.go:80.10,81.43 1 1
github.com/wednesday-solutions/negt/hbs/hbs.go:81.43,84.6 1 1
github.com/wednesday-solutions/negt/hbs/hbs.go:84.11,87.6 1 1
github.com/wednesday-solutions/negt/hbs/hbs.go:94.37,96.2 1 1
github.com/wednesday-solutions/negt/hbs/hbs.go:99.56,100.20 1 1
github.com/wednesday-solutions/negt/hbs/hbs.go:109.2,109.11 1 1
github.com/wednesday-solutions/negt/hbs/hbs.go:100.20,101.34 1 1
github.com/wednesday-solutions/negt/hbs/hbs.go:107.3,107.31 1 1
github.com/wednesday-solutions/negt/hbs/hbs.go:101.34,106.4 1 1
github.com/wednesday-solutions/negt/hbs/hbs.go:113.55,114.26 1 1
github.com/wednesday-solutions/negt/hbs/hbs.go:135.2,135.19 1 1
github.com/wednesday-solutions/negt/hbs/hbs.go:114.26,115.34 1 1
github.com/wednesday-solutions/negt/hbs/hbs.go:115.34,117.38 2 1
github.com/wednesday-solutions/negt/hbs/hbs.go:131.4,132.29 1 1
github.com/wednesday-solutions/negt/hbs/hbs.go:117.38,119.5 1 1
github.com/wednesday-solutions/negt/hbs/hbs.go:119.10,119.46 1 1
github.com/wednesday-solutions/negt/hbs/hbs.go:119.46,121.5 1 1
github.com/wednesday-solutions/negt/hbs/hbs.go:121.10,121.49 1 1
github.com/wednesday-solutions/negt/hbs/hbs.go:121.49,123.5 1 1
github.com/wednesday-solutions/negt/hbs/hbs.go:123.10,123.48 1 1
github.com/wednesday-solutions/negt/hbs/hbs.go:123.48,125.5 1 1
github.com/wednesday-solutions/negt/hbs/hbs.go:125.10,125.50 1 1
github.com/wednesday-solutions/negt/hbs/hbs.go:125.50,127.5 1 1
github.com/wednesday-solutions/negt/hbs/hbs.go:127.10,127.51 1 1
github.com/wednesday-solutions/negt/hbs/hbs.go:127.51,129.5 1 1
github.com/wednesday-solutions/negt/hbs/hbs.go:139.28,141.2 1 1
github.com/wednesday-solutions/negt/hbs/hbs.go:143.28,145.2 1 1
github.com/wednesday-solutions/negt/hbs/hbs.go:148.50,149.20 1 1
github.com/wednesday-solutions/negt/hbs/hbs.go:158.2,158.11 1 1
github.com/wednesday-solutions/negt/hbs/hbs.go:149.20,150.28 1 1
github.com/wednesday-solutions/negt/hbs/hbs.go:156.3,156.25 1 1
github.com/wednesday-solutions/negt/hbs/hbs.go:150.28,155.4 1 1
github.com/wednesday-solutions/negt/hbs/hbs.go:161.82,164.16 2 1
github.com/wednesday-solutions/negt/hbs/hbs.go:168.2,169.16 2 1
github.com/wednesday-solutions/negt/hbs/hbs.go:173.2,173.20 1 1
github.com/wednesday-solutions/negt/hbs/hbs.go:164.16,167.3 2 1
github.com/wednesday-solutions/negt/hbs/hbs.go:169.16,172.3 2 1
github.com/wednesday-solutions/negt/hbs/mockDataSource.go:5.85,15.16 3 1
github.com/wednesday-solutions/negt/hbs/mockDataSource.go:18.2,20.12 2 1
github.com/wednesday-solutions/negt/hbs/mockDataSource.go:15.16,17.3 1 1
github.com/wednesday-solutions/negt/hbs/indexSource.go:5.82,20.16 3 1
github.com/wednesday-solutions/negt/hbs/indexSource.go:23.2,25.12 2 1
github.com/wednesday-solutions/negt/hbs/indexSource.go:20.16,22.3 1 1
github.com/wednesday-solutions/negt/hbs/listSource.go:5.81,35.16 3 1
github.com/wednesday-solutions/negt/hbs/listSource.go:38.2,40.12 2 1
github.com/wednesday-solutions/negt/hbs/listSource.go:35.16,37.3 1 1
github.com/wednesday-solutions/negt/hbs/testIndexSource.go:7.86,29.16 3 1
github.com/wednesday-solutions/negt/hbs/testIndexSource.go:32.2,34.12 2 1
github.com/wednesday-solutions/negt/hbs/testIndexSource.go:29.16,31.3 1 1
github.com/wednesday-solutions/negt/cmd/init.go:13.56,23.10 4 1
github.com/wednesday-solutions/negt/cmd/init.go:31.2,31.36 1 1
github.com/wednesday-solutions/negt/cmd/init.go:34.2,36.39 2 1
github.com/wednesday-solutions/negt/cmd/init.go:50.2,50.12 1 1
github.com/wednesday-solutions/negt/cmd/init.go:23.10,24.40 1 1
github.com/wednesday-solutions/negt/cmd/init.go:28.3,28.44 1 1
github.com/wednesday-solutions/negt/cmd/init.go:24.40,27.4 2 1
github.com/wednesday-solutions/negt/cmd/init.go:31.36,33.3 1 1
github.com/wednesday-solutions/negt/cmd/init.go:36.39,38.10 2 1
github.com/wednesday-solutions/negt/cmd/init.go:38.10,40.4 1 1
github.com/wednesday-solutions/negt/cmd/init.go:40.9,42.4 1 1
github.com/wednesday-solutions/negt/cmd/init.go:43.8,44.10 1 1
github.com/wednesday-solutions/negt/cmd/init.go:44.10,46.4 1 1
github.com/wednesday-solutions/negt/cmd/init.go:46.9,48.4 1 1
github.com/wednesday-solutions/negt/cmd/init.go:54.31,67.2 2 1
github.com/wednesday-solutions/negt/cmd/init.go:69.13,71.2 1 1
github.com/wednesday-solutions/negt/cmd/model.go:10.57,12.16 2 1
github.com/wednesday-solutions/negt/cmd/model.go:15.2,15.12 1 1
github.com/wednesday-solutions/negt/cmd/model.go:12.16,14.3 1 1
github.com/wednesday-solutions/negt/cmd/model.go:19.32,31.2 2 1
github.com/wednesday-solutions/negt/cmd/model.go:33.13,35.2 1 1
github.com/wednesday-solutions/negt/cmd/root.go:8.31,25.2 2 1
github.com/wednesday-solutions/negt/cmd/root.go:29.22,33.16 3 1
github.com/wednesday-solutions/negt/cmd/root.go:36.2,36.12 1 1
github.com/wednesday-solutions/negt/cmd/root.go:33.16,35.3 1 1
github.com/wednesday-solutions/negt/cmd/test.go:11.58,14.2 2 1
github.com/wednesday-solutions/negt/cmd/test.go:17.31,26.2 2 1
github.com/wednesday-solutions/negt/cmd/test.go:28.13,30.2 1 1
github.com/wednesday-solutions/negt/cmd/gqlgen.go:10.33,24.2 2 1
github.com/wednesday-solutions/negt/cmd/gqlgen.go:26.13,32.2 2 1
github.com/wednesday-solutions/negt/gqlgenUtils/modelUtils/fieldUtils.go:9.127,29.41 8 1
github.com/wednesday-solutions/negt/gqlgenUtils/modelUtils/fieldUtils.go:60.2,77.12 2 1
github.com/wednesday-solutions/negt/gqlgenUtils/modelUtils/fieldUtils.go:29.41,30.24 1 1
github.com/wednesday-solutions/negt/gqlgenUtils/modelUtils/fieldUtils.go:30.24,34.4 2 1
github.com/wednesday-solutions/negt/gqlgenUtils/modelUtils/fieldUtils.go:34.9,34.32 1 1
github.com/wednesday-solutions/negt/gqlgenUtils/modelUtils/fieldUtils.go:34.32,38.4 2 1
github.com/wednesday-solutions/negt/gqlgenUtils/modelUtils/fieldUtils.go:38.9,38.34 1 1
github.com/wednesday-solutions/negt/gqlgenUtils/modelUtils/fieldUtils.go:38.34,42.4 2 1
github.com/wednesday-solutions/negt/gqlgenUtils/modelUtils/fieldUtils.go:42.9,42.35 1 1
github.com/wednesday-solutions/negt/gqlgenUtils/modelUtils/fieldUtils.go:42.35,46.4 2 1
github.com/wednesday-solutions/negt/gqlgenUtils/modelUtils/fieldUtils.go:46.9,46.36 1 1
github.com/wednesday-solutions/negt/gqlgenUtils/modelUtils/fieldUtils.go:46.36,50.4 2 1
github.com/wednesday-solutions/negt/gqlgenUtils/modelUtils/fieldUtils.go:50.9,50.37 1 1
github.com/wednesday-solutions/negt/gqlgenUtils/modelUtils/fieldUtils.go:50.37,54.4 2 1
github.com/wednesday-solutions/negt/gqlgenUtils/modelUtils/fieldUtils.go:54.9,57.4 1 0
github.com/wednesday-solutions/negt/gqlgenUtils/modelUtils/modelUtils.go:17.29,99.14 22 1
github.com/wednesday-solutions/negt/gqlgenUtils/modelUtils/modelUtils.go:129.2,152.16 6 1
github.com/wednesday-solutions/negt/gqlgenUtils/modelUtils/modelUtils.go:157.2,158.16 2 1
github.com/wednesday-solutions/negt/gqlgenUtils/modelUtils/modelUtils.go:163.2,164.16 2 1
github.com/wednesday-solutions/negt/gqlgenUtils/modelUtils/modelUtils.go:169.2,169.20 1 1
github.com/wednesday-solutions/negt/gqlgenUtils/modelUtils/modelUtils.go:202.2,203.16 2 1
github.com/wednesday-solutions/negt/gqlgenUtils/modelUtils/modelUtils.go:208.2,209.16 2 1
github.com/wednesday-solutions/negt/gqlgenUtils/modelUtils/modelUtils.go:212.2,213.12 2 1
github.com/wednesday-solutions/negt/gqlgenUtils/modelUtils/modelUtils.go:99.14,127.3 2 0
github.com/wednesday-solutions/negt/gqlgenUtils/modelUtils/modelUtils.go:152.16,155.3 2 1
github.com/wednesday-solutions/negt/gqlgenUtils/modelUtils/modelUtils.go:158.16,161.3 2 1
github.com/wednesday-solutions/negt/gqlgenUtils/modelUtils/modelUtils.go:164.16,167.3 2 1
github.com/wednesday-solutions/negt/gqlgenUtils/modelUtils/modelUtils.go:169.20,172.17 2 0
github.com/wednesday-solutions/negt/gqlgenUtils/modelUtils/modelUtils.go:172.17,174.4 1 0
github.com/wednesday-solutions/negt/gqlgenUtils/modelUtils/modelUtils.go:203.16,206.3 2 1
github.com/wednesday-solutions/negt/gqlgenUtils/modelUtils/modelUtils.go:209.16,211.3 1 1
github.com/wednesday-solutions/negt/gqlgenUtils/modelUtils/modelUtils.go:220.33,245.3 10 1
github.com/wednesday-solutions/negt/gqlgenUtils/modelUtils/modelUtils.go:252.10,264.17 4 1
github.com/wednesday-solutions/negt/gqlgenUtils/modelUtils/modelUtils.go:268.3,269.17 2 1
github.com/wednesday-solutions/negt/gqlgenUtils/modelUtils/modelUtils.go:273.3,274.17 2 1
github.com/wednesday-solutions/negt/gqlgenUtils/modelUtils/modelUtils.go:278.3,278.13 1 1
github.com/wednesday-solutions/negt/gqlgenUtils/modelUtils/modelUtils.go:264.17,267.4 2 1
github.com/wednesday-solutions/negt/gqlgenUtils/modelUtils/modelUtils.go:269.17,272.4 2 1
github.com/wednesday-solutions/negt/gqlgenUtils/modelUtils/modelUtils.go:274.17,277.4 2 1
github.com/wednesday-solutions/negt/gqlgenUtils/modelUtils/writeMockData.go:10.122,16.36 5 1
github.com/wednesday-solutions/negt/gqlgenUtils/modelUtils/writeMockData.go:19.2,19.38 1 1
github.com/wednesday-solutions/negt/gqlgenUtils/modelUtils/writeMockData.go:22.2,23.42 2 1
github.com/wednesday-solutions/negt/gqlgenUtils/modelUtils/writeMockData.go:26.2,29.16 3 1
github.com/wednesday-solutions/negt/gqlgenUtils/modelUtils/writeMockData.go:33.2,36.16 3 1
github.com/wednesday-solutions/negt/gqlgenUtils/modelUtils/writeMockData.go:39.2,39.12 1 1
github.com/wednesday-solutions/negt/gqlgenUtils/modelUtils/writeMockData.go:16.36,18.3 1 1
github.com/wednesday-solutions/negt/gqlgenUtils/modelUtils/writeMockData.go:19.38,21.3 1 1
github.com/wednesday-solutions/negt/gqlgenUtils/modelUtils/writeMockData.go:23.42,25.3 1 1
github.com/wednesday-solutions/negt/gqlgenUtils/modelUtils/writeMockData.go:29.16,31.3 1 1
github.com/wednesday-solutions/negt/gqlgenUtils/modelUtils/writeMockData.go:36.16,38.3 1 1
github.com/wednesday-solutions/negt/gqlgenUtils/modelUtils/writeModelTest.go:14.29,22.33 4 1
github.com/wednesday-solutions/negt/gqlgenUtils/modelUtils/writeModelTest.go:67.2,67.12 1 1
github.com/wednesday-solutions/negt/gqlgenUtils/modelUtils/writeModelTest.go:22.33,24.30 1 1
github.com/wednesday-solutions/negt/gqlgenUtils/modelUtils/writeModelTest.go:24.30,27.18 2 1
github.com/wednesday-solutions/negt/gqlgenUtils/modelUtils/writeModelTest.go:27.18,29.5 1 1
github.com/wednesday-solutions/negt/gqlgenUtils/modelUtils/writeModelTest.go:31.9,31.37 1 1
github.com/wednesday-solutions/negt/gqlgenUtils/modelUtils/writeModelTest.go:31.37,34.18 2 1
github.com/wednesday-solutions/negt/gqlgenUtils/modelUtils/writeModelTest.go:34.18,36.5 1 1
github.com/wednesday-solutions/negt/gqlgenUtils/modelUtils/writeModelTest.go:38.9,38.37 1 1
github.com/wednesday-solutions/negt/gqlgenUtils/modelUtils/writeModelTest.go:38.37,41.18 2 1
github.com/wednesday-solutions/negt/gqlgenUtils/modelUtils/writeModelTest.go:41.18,43.5 1 1
github.com/wednesday-solutions/negt/gqlgenUtils/modelUtils/writeModelTest.go:45.9,45.36 1 1
github.com/wednesday-solutions/negt/gqlgenUtils/modelUtils/writeModelTest.go:45.36,48.18 2 1
github.com/wednesday-solutions/negt/gqlgenUtils/modelUtils/writeModelTest.go:48.18,50.5 1 1
github.com/wednesday-solutions/negt/gqlgenUtils/modelUtils/writeModelTest.go:52.9,52.42 1 1
github.com/wednesday-solutions/negt/gqlgenUtils/modelUtils/writeModelTest.go:52.42,55.18 2 1
github.com/wednesday-solutions/negt/gqlgenUtils/modelUtils/writeModelTest.go:55.18,57.5 1 1
github.com/wednesday-solutions/negt/gqlgenUtils/modelUtils/writeModelTest.go:59.9,59.40 1 1
github.com/wednesday-solutions/negt/gqlgenUtils/modelUtils/writeModelTest.go:59.40,62.18 2 1
github.com/wednesday-solutions/negt/gqlgenUtils/modelUtils/writeModelTest.go:62.18,64.5 1 1
github.com/wednesday-solutions/negt/gqlgenUtils/modelUtils/writeTestCustomResolver.go:14.29,22.41 4 1
github.com/wednesday-solutions/negt/gqlgenUtils/modelUtils/writeTestCustomResolver.go:43.2,43.12 1 1
github.com/wednesday-solutions/negt/gqlgenUtils/modelUtils/writeTestCustomResolver.go:22.41,24.45 1 1
github.com/wednesday-solutions/negt/gqlgenUtils/modelUtils/writeTestCustomResolver.go:24.45,26.18 2 1
github.com/wednesday-solutions/negt/gqlgenUtils/modelUtils/writeTestCustomResolver.go:26.18,28.5 1 1
github.com/wednesday-solutions/negt/gqlgenUtils/modelUtils/writeTestCustomResolver.go:30.9,30.52 1 1
github.com/wednesday-solutions/negt/gqlgenUtils/modelUtils/writeTestCustomResolver.go:30.52,32.18 2 1
github.com/wednesday-solutions/negt/gqlgenUtils/modelUtils/writeTestCustomResolver.go:32.18,34.5 1 1
github.com/wednesday-solutions/negt/gqlgenUtils/modelUtils/writeTestCustomResolver.go:36.9,36.52 1 1
github.com/wednesday-solutions/negt/gqlgenUtils/modelUtils/writeTestCustomResolver.go:36.52,38.18 2 1
github.com/wednesday-solutions/negt/gqlgenUtils/modelUtils/writeTestCustomResolver.go:38.18,40.5 1 1
github.com/wednesday-solutions/negt/gqlgenUtils/modelUtils/createModel.go:9.86,15.16 4 1
github.com/wednesday-solutions/negt/gqlgenUtils/modelUtils/createModel.go:20.2,21.29 2 1
github.com/wednesday-solutions/negt/gqlgenUtils/modelUtils/createModel.go:29.2,30.16 2 1
github.com/wednesday-solutions/negt/gqlgenUtils/modelUtils/createModel.go:34.2,35.33 2 1
github.com/wednesday-solutions/negt/gqlgenUtils/modelUtils/createModel.go:41.2,41.12 1 1
github.com/wednesday-solutions/negt/gqlgenUtils/modelUtils/createModel.go:15.16,18.3 2 1
github.com/wednesday-solutions/negt/gqlgenUtils/modelUtils/createModel.go:21.29,23.17 2 1
github.com/wednesday-solutions/negt/gqlgenUtils/modelUtils/createModel.go:23.17,26.4 2 1
github.com/wednesday-solutions/negt/gqlgenUtils/modelUtils/createModel.go:30.16,32.3 1 1
github.com/wednesday-solutions/negt/gqlgenUtils/modelUtils/createModel.go:35.33,37.17 2 1
github.com/wednesday-solutions/negt/gqlgenUtils/modelUtils/createModel.go:37.17,39.4 1 1
github.com/wednesday-solutions/negt/gqlgenUtils/modelUtils/createModel.go:44.108,50.37 3 1
github.com/wednesday-solutions/negt/gqlgenUtils/modelUtils/createModel.go:56.2,57.41 2 1
github.com/wednesday-solutions/negt/gqlgenUtils/modelUtils/createModel.go:63.2,63.12 1 1
github.com/wednesday-solutions/negt/gqlgenUtils/modelUtils/createModel.go:50.37,52.17 2 1
github.com/wednesday-solutions/negt/gqlgenUtils/modelUtils/createModel.go:52.17,54.4 1 1
github.com/wednesday-solutions/negt/gqlgenUtils/modelUtils/createModel.go:57.41,59.17 2 1
github.com/wednesday-solutions/negt/gqlgenUtils/modelUtils/createModel.go:59.17,61.4 1 1
github.com/wednesday-solutions/negt/gqlgenUtils/modelUtils/promptUtils.go:13.41,14.21 1 1
github.com/wednesday-solutions/negt/gqlgenUtils/modelUtils/promptUtils.go:17.2,17.12 1 1
github.com/wednesday-solutions/negt/gqlgenUtils/modelUtils/promptUtils.go:14.21,16.3 1 1
github.com/wednesday-solutions/negt/gqlgenUtils/modelUtils/promptUtils.go:20.46,34.16 5 1
github.com/wednesday-solutions/negt/gqlgenUtils/modelUtils/promptUtils.go:38.2,38.15 1 1
github.com/wednesday-solutions/negt/gqlgenUtils/modelUtils/promptUtils.go:34.16,37.3 2 1
github.com/wednesday-solutions/negt/gqlgenUtils/modelUtils/promptUtils.go:41.51,51.16 6 1
github.com/wednesday-solutions/negt/gqlgenUtils/modelUtils/promptUtils.go:57.2,57.21 1 1
github.com/wednesday-solutions/negt/gqlgenUtils/modelUtils/promptUtils.go:51.16,53.17 2 1
github.com/wednesday-solutions/negt/gqlgenUtils/modelUtils/promptUtils.go:53.17,55.4 1 1
github.com/wednesday-solutions/negt/gqlgenUtils/modelUtils/promptUtils.go:57.21,59.3 1 1
github.com/wednesday-solutions/negt/gqlgenUtils/modelUtils/promptUtils.go:59.8,61.3 1 1
github.com/wednesday-solutions/negt/gqlgenUtils/modelUtils/promptUtils.go:64.47,70.16 5 0
github.com/wednesday-solutions/negt/gqlgenUtils/modelUtils/promptUtils.go:82.2,82.16 1 0
github.com/wednesday-solutions/negt/gqlgenUtils/modelUtils/promptUtils.go:86.2,86.15 1 0
github.com/wednesday-solutions/negt/gqlgenUtils/modelUtils/promptUtils.go:70.16,78.18 3 0
github.com/wednesday-solutions/negt/gqlgenUtils/modelUtils/promptUtils.go:78.18,80.4 1 0
github.com/wednesday-solutions/negt/gqlgenUtils/modelUtils/promptUtils.go:82.16,85.3 2 0
github.com/wednesday-solutions/negt/gqlgenUtils/modelUtils/promptUtils.go:89.51,94.16 5 1
github.com/wednesday-solutions/negt/gqlgenUtils/modelUtils/promptUtils.go:107.2,107.61 1 1
github.com/wednesday-solutions/negt/gqlgenUtils/modelUtils/promptUtils.go:126.2,126.16 1 1
github.com/wednesday-solutions/negt/gqlgenUtils/modelUtils/promptUtils.go:130.2,130.15 1 1
github.com/wednesday-solutions/negt/gqlgenUtils/modelUtils/promptUtils.go:94.16,103.18 4 1
github.com/wednesday-solutions/negt/gqlgenUtils/modelUtils/promptUtils.go:103.18,105.4 1 0
github.com/wednesday-solutions/negt/gqlgenUtils/modelUtils/promptUtils.go:107.61,109.14 2 1
github.com/wednesday-solutions/negt/gqlgenUtils/modelUtils/promptUtils.go:109.14,112.4 2 0
github.com/wednesday-solutions/negt/gqlgenUtils/modelUtils/promptUtils.go:113.8,115.14 2 1
github.com/wednesday-solutions/negt/gqlgenUtils/modelUtils/promptUtils.go:115.14,118.36 3 1
github.com/wednesday-solutions/negt/gqlgenUtils/modelUtils/promptUtils.go:118.36,119.39 1 1
github.com/wednesday-solutions/negt/gqlgenUtils/modelUtils/promptUtils.go:122.5,122.43 1 1
github.com/wednesday-solutions/negt/gqlgenUtils/modelUtils/promptUtils.go:119.39,121.6 1 1
github.com/wednesday-solutions/negt/gqlgenUtils/modelUtils/promptUtils.go:126.16,129.3 2 1
github.com/wednesday-solutions/negt/gqlgenUtils/modelUtils/writeCustomResolver.go:14.29,22.37 4 1
github.com/wednesday-solutions/negt/gqlgenUtils/modelUtils/writeCustomResolver.go:43.2,43.12 1 1
github.com/wednesday-solutions/negt/gqlgenUtils/modelUtils/writeCustomResolver.go:22.37,24.40 1 1
github.com/wednesday-solutions/negt/gqlgenUtils/modelUtils/writeCustomResolver.go:24.40,26.18 2 1
github.com/wednesday-solutions/negt/gqlgenUtils/modelUtils/writeCustomResolver.go:26.18,28.5 1 1
github.com/wednesday-solutions/negt/gqlgenUtils/modelUtils/writeCustomResolver.go:30.9,30.47 1 1
github.com/wednesday-solutions/negt/gqlgenUtils/modelUtils/writeCustomResolver.go:30.47,32.18 2 1
github.com/wednesday-solutions/negt/gqlgenUtils/modelUtils/writeCustomResolver.go:32.18,34.5 1 1
github.com/wednesday-solutions/negt/gqlgenUtils/modelUtils/writeCustomResolver.go:36.9,36.47 1 1
github.com/wednesday-solutions/negt/gqlgenUtils/modelUtils/writeCustomResolver.go:36.47,38.18 2 1
github.com/wednesday-solutions/negt/gqlgenUtils/modelUtils/writeCustomResolver.go:38.18,40.5 1 1
github.com/wednesday-solutions/negt/gqlgenUtils/modelUtils/writeModel.go:10.131,18.29 4 1
github.com/wednesday-solutions/negt/gqlgenUtils/modelUtils/writeModel.go:61.2,61.12 1 1
github.com/wednesday-solutions/negt/gqlgenUtils/modelUtils/writeModel.go:18.29,21.25 1 1
github.com/wednesday-solutions/negt/gqlgenUtils/modelUtils/writeModel.go:21.25,24.18 2 1
github.com/wednesday-solutions/negt/gqlgenUtils/modelUtils/writeModel.go:24.18,26.5 1 1
github.com/wednesday-solutions/negt/gqlgenUtils/modelUtils/writeModel.go:29.9,29.32 1 1
github.com/wednesday-solutions/negt/gqlgenUtils/modelUtils/writeModel.go:29.32,32.18 2 1
github.com/wednesday-solutions/negt/gqlgenUtils/modelUtils/writeModel.go:32.18,34.5 1 1
github.com/wednesday-solutions/negt/gqlgenUtils/modelUtils/writeModel.go:37.9,37.31 1 1
github.com/wednesday-solutions/negt/gqlgenUtils/modelUtils/writeModel.go:37.31,40.18 2 1
github.com/wednesday-solutions/negt/gqlgenUtils/modelUtils/writeModel.go:40.18,42.5 1 1
github.com/wednesday-solutions/negt/gqlgenUtils/modelUtils/writeModel.go:45.9,45.32 1 1
github.com/wednesday-solutions/negt/gqlgenUtils/modelUtils/writeModel.go:45.32,48.18 2 1
github.com/wednesday-solutions/negt/gqlgenUtils/modelUtils/writeModel.go:48.18,50.5 1 1
github.com/wednesday-solutions/negt/gqlgenUtils/modelUtils/writeModel.go:53.9,53.35 1 1
github.com/wednesday-solutions/negt/gqlgenUtils/modelUtils/writeModel.go:53.35,56.18 2 1
github.com/wednesday-solutions/negt/gqlgenUtils/modelUtils/writeModel.go:56.18,58.5 1 1
